<?xml version="1.0" encoding="UTF-8"?>
<beans xmlns="http://www.springframework.org/schema/beans"
       xmlns:xsi="http://www.w3.org/2001/XMLSchema-instance"
       xmlns:aop="http://www.springframework.org/schema/aop"
       xmlns:tx="http://www.springframework.org/schema/tx"
       xsi:schemaLocation="
       http://www.springframework.org/schema/beans 
       http://www.springframework.org/schema/beans/spring-beans-4.0.xsd
       http://www.springframework.org/schema/tx 
       http://www.springframework.org/schema/tx/spring-tx-4.0.xsd
       http://www.springframework.org/schema/aop 
       http://www.springframework.org/schema/aop/spring-aop-4.0.xsd">

	<!-- CONFIGURATION -->
	<import resource="classpath:/org/tdmx/core/system/env/test-config-context.xml"/>
	<import resource="classpath:/org/tdmx/core/system/env/configurer-context.xml"/>
	
	<!-- LIBRARY SPRING CONFIG -->
	<import resource="classpath:/org/tdmx/lib/control/service-context.xml"/>
	<import resource="classpath:/org/tdmx/lib/zone/service-context.xml"/>
	<import resource="classpath:/org/tdmx/lib/message/service-context.xml"/>

	<!-- JOB SPRING CONFIG -->
	<import resource="classpath:/org/tdmx/lib/control/job-context.xml"/>

	<!-- WS SPRING CONFIG -->
	<import resource="classpath:/org/tdmx/server/rs/server-context.xml"/>
	<import resource="classpath:/org/tdmx/server/ws/server-context.xml"/>
	
	<bean id="server.authenticatedAgentService" class="org.tdmx.server.ws.security.service.AuthenticatedAgentServiceImpl">
	</bean>

	<bean class="org.tdmx.lib.zone.service.MockZonePartitionIdInstaller" init-method="init">
		<property name="databasePartitionService" ref="tdmx.lib.control.DatabasePartitionRepository"/>
	</bean>


	<bean id="test.data.generator"
		class="org.tdmx.lib.control.job.TestDataGeneratorImpl">
		<property name="databasePartitionService" ref="tdmx.lib.control.DatabasePartitionRepository"/>
		<property name="accountIdService" ref="tdmx.lib.control.AccountIdService"/>
		<property name="accountService" ref="tdmx.lib.control.AccountRepository"/>
		<property name="accountZoneService" ref="tdmx.lib.control.AccountZoneRepository"/>
		<property name="accountZoneAdminCredentialService" ref="tdmx.lib.control.AccountZoneAdministrationCredentialRepository"/>
		
		<property name="zonePartitionIdProvider" ref="tdmx.lib.zone.ThreadLocalPartitionIdProvider"/>
		<property name="zoneService" ref="tdmx.lib.zone.ZoneRepository"/>
		<property name="domainService" ref="tdmx.lib.zone.DomainRepository"/>
		<property name="serviceService" ref="tdmx.lib.zone.ServiceRepository"/>
		<property name="addressService" ref="tdmx.lib.zone.AddressRepository"/>
		<property name="agentCredentialService" ref="tdmx.lib.zone.AgentCredentialRepository"/>
		<property name="agentCredentialFactory" ref="tdmx.lib.zone.AgentCredentialFactory"/>
		<property name="channelService" ref="tdmx.lib.zone.ChannelRepository"/>
		<property name="flowTargetService" ref="tdmx.lib.zone.FlowTargetRepository"/>
		
	</bean>

</beans>