<?xml version="1.0" encoding="UTF-8"?>

<beans xmlns="http://www.springframework.org/schema/beans"
	xmlns:xsi="http://www.w3.org/2001/XMLSchema-instance"
	xsi:schemaLocation="http://www.springframework.org/schema/beans http://www.springframework.org/schema/beans/spring-beans-4.0.xsd">

	<bean id="tdmx.properties.factory"
		class="org.springframework.beans.factory.config.MethodInvokingFactoryBean">
		<property name="targetClass">
			<value>org.tdmx.core.system.env.PropertySupport</value>
		</property>
		<property name="targetMethod">
			<value>getInstance</value>
		</property>
		<property name="arguments">
			<list>
				<value>src/test/resources/test-configuration.properties</value>
			</list>
		</property>
	</bean>

	<bean id="tdmx.properties"
		class="org.springframework.beans.factory.config.MethodInvokingFactoryBean">
		<property name="targetObject" ref="tdmx.properties.factory"/>
		<property name="targetMethod">
			<value>getProperties</value>
		</property>
	</bean>

</beans>